<?xml version="1.0" encoding="UTF-8"?>
<testsuite name="kr.hs.sdh.workbook2.repository.LotteriaHamburgerRepositoryTest" tests="1" skipped="0" failures="0" errors="0" timestamp="2024-10-30T07:01:45" hostname="309-014" time="0.01">
  <properties/>
  <testcase name="deleteHamburger()" classname="kr.hs.sdh.workbook2.repository.LotteriaHamburgerRepositoryTest" time="0.01"/>
  <system-out><![CDATA[]]></system-out>
  <system-err><![CDATA[]]></system-err>
</testsuite>
